<?xml version="1.0" encoding="UTF-8"?>
<!-- Generated by org.testng.reporters.JUnitReportReporter -->
<testsuite hostname="a20d5161c6d0" failures="0" tests="5" name="test.ReservationTest" time="28.082" errors="0" timestamp="2025-01-05T05:12:20 GMT" skipped="0">
  <testcase classname="test.ReservationTest" name="registrationConfirmation" time="5.201"/>
  <testcase classname="test.ReservationTest" name="selectFlights" time="5.751"/>
  <testcase classname="test.ReservationTest" name="flightSearch" time="5.606"/>
  <testcase classname="test.ReservationTest" name="registration" time="6.373"/>
  <testcase classname="test.ReservationTest" name="reservationConfirmation" time="5.151"/>
</testsuite> <!-- test.ReservationTest -->
